INFO:aiogram.dispatcher:Start polling
INFO:aiogram.dispatcher:Run polling for bot @Irapet_bot id=8457789373 - 'Beauty Cat\U0001f63a'
INFO:aiogram.event:Update id=114964549 is handled. Duration 672 ms by bot id=8457789373
INFO:aiogram.event:Update id=114964550 is handled. Duration 546 ms by bot id=8457789373
INFO:aiogram.event:Update id=114964551 is not handled. Duration 843 ms by bot id=8457789373
ERROR:aiogram.event:Cause exception while process update id=114964551 by bot id=8457789373
TelegramBadRequest: Telegram server says - Bad Request: message is not modified: specified new message content and reply markup are exactly the same as a current content and reply markup of the message
Traceback (most recent call last):
  File "C:\Users\polsk\AppData\Local\Programs\Python\Python311\Lib\site-packages\aiogram\dispatcher\dispatcher.py", line 309, in _process_update
    response = await self.feed_update(bot, update, **kwargs)
               ^^^^^^^^^^^^^^^^^^^^^^^^^^^^^^^^^^^^^^^^^^^^^
  File "C:\Users\polsk\AppData\Local\Programs\Python\Python311\Lib\site-packages\aiogram\dispatcher\dispatcher.py", line 158, in feed_update
    response = await self.update.wrap_outer_middleware(
               ^^^^^^^^^^^^^^^^^^^^^^^^^^^^^^^^^^^^^^^^
  File "C:\Users\polsk\AppData\Local\Programs\Python\Python311\Lib\site-packages\aiogram\dispatcher\middlewares\error.py", line 25, in __call__
    return await handler(event, data)
           ^^^^^^^^^^^^^^^^^^^^^^^^^^
  File "C:\Users\polsk\AppData\Local\Programs\Python\Python311\Lib\site-packages\aiogram\dispatcher\middlewares\user_context.py", line 56, in __call__
    return await handler(event, data)
           ^^^^^^^^^^^^^^^^^^^^^^^^^^
  File "C:\Users\polsk\AppData\Local\Programs\Python\Python311\Lib\site-packages\aiogram\fsm\middleware.py", line 42, in __call__
    return await handler(event, data)
           ^^^^^^^^^^^^^^^^^^^^^^^^^^
  File "C:\Users\polsk\AppData\Local\Programs\Python\Python311\Lib\site-packages\aiogram\dispatcher\event\telegram.py", line 121, in trigger
    return await wrapped_inner(event, kwargs)
           ^^^^^^^^^^^^^^^^^^^^^^^^^^^^^^^^^^
  File "C:\Users\polsk\AppData\Local\Programs\Python\Python311\Lib\site-packages\aiogram\dispatcher\event\handler.py", line 43, in call
    return await wrapped()
           ^^^^^^^^^^^^^^^
  File "C:\Users\polsk\AppData\Local\Programs\Python\Python311\Lib\site-packages\aiogram\dispatcher\dispatcher.py", line 276, in _listen_update
    return await self.propagate_event(update_type=update_type, event=event, **kwargs)
           ^^^^^^^^^^^^^^^^^^^^^^^^^^^^^^^^^^^^^^^^^^^^^^^^^^^^^^^^^^^^^^^^^^^^^^^^^^
  File "C:\Users\polsk\AppData\Local\Programs\Python\Python311\Lib\site-packages\aiogram\dispatcher\router.py", line 146, in propagate_event
    return await observer.wrap_outer_middleware(_wrapped, event=event, data=kwargs)
           ^^^^^^^^^^^^^^^^^^^^^^^^^^^^^^^^^^^^^^^^^^^^^^^^^^^^^^^^^^^^^^^^^^^^^^^^
  File "C:\Users\polsk\AppData\Local\Programs\Python\Python311\Lib\site-packages\aiogram\dispatcher\router.py", line 141, in _wrapped
    return await self._propagate_event(
           ^^^^^^^^^^^^^^^^^^^^^^^^^^^^
  File "C:\Users\polsk\AppData\Local\Programs\Python\Python311\Lib\site-packages\aiogram\dispatcher\router.py", line 166, in _propagate_event
    response = await observer.trigger(event, **kwargs)
               ^^^^^^^^^^^^^^^^^^^^^^^^^^^^^^^^^^^^^^^
  File "C:\Users\polsk\AppData\Local\Programs\Python\Python311\Lib\site-packages\aiogram\dispatcher\event\telegram.py", line 121, in trigger
    return await wrapped_inner(event, kwargs)
           ^^^^^^^^^^^^^^^^^^^^^^^^^^^^^^^^^^
  File "C:\Users\polsk\AppData\Local\Programs\Python\Python311\Lib\site-packages\aiogram\dispatcher\event\handler.py", line 43, in call
    return await wrapped()
           ^^^^^^^^^^^^^^^
  File "C:\Users\polsk\Pet project\bot.py", line 738, in handle_start_help
    await call.message.edit_text(
  File "C:\Users\polsk\AppData\Local\Programs\Python\Python311\Lib\site-packages\aiogram\methods\base.py", line 84, in emit
    return await bot(self)
           ^^^^^^^^^^^^^^^
  File "C:\Users\polsk\AppData\Local\Programs\Python\Python311\Lib\site-packages\aiogram\client\bot.py", line 494, in __call__
    return await self.session(self, method, timeout=request_timeout)
           ^^^^^^^^^^^^^^^^^^^^^^^^^^^^^^^^^^^^^^^^^^^^^^^^^^^^^^^^^
  File "C:\Users\polsk\AppData\Local\Programs\Python\Python311\Lib\site-packages\aiogram\client\session\base.py", line 254, in __call__
    return cast(TelegramType, await middleware(bot, method))
                              ^^^^^^^^^^^^^^^^^^^^^^^^^^^^^
  File "C:\Users\polsk\AppData\Local\Programs\Python\Python311\Lib\site-packages\aiogram\client\session\aiohttp.py", line 189, in make_request
    response = self.check_response(
               ^^^^^^^^^^^^^^^^^^^^
  File "C:\Users\polsk\AppData\Local\Programs\Python\Python311\Lib\site-packages\aiogram\client\session\base.py", line 120, in check_response
    raise TelegramBadRequest(method=method, message=description)
aiogram.exceptions.TelegramBadRequest: Telegram server says - Bad Request: message is not modified: specified new message content and reply markup are exactly the same as a current content and reply markup of the message
ERROR:aiogram.dispatcher:Failed to fetch updates - TelegramNetworkError: HTTP Client says - Request timeout error
WARNING:aiogram.dispatcher:Sleep for 1.000000 seconds and try again... (tryings = 0, bot id = 8457789373)
INFO:aiogram.dispatcher:Connection established (tryings = 1, bot id = 8457789373)
ERROR:aiogram.dispatcher:Failed to fetch updates - TelegramNetworkError: HTTP Client says - ServerDisconnectedError: Server disconnected
WARNING:aiogram.dispatcher:Sleep for 1.000000 seconds and try again... (tryings = 0, bot id = 8457789373)
ERROR:aiogram.dispatcher:Failed to fetch updates - TelegramNetworkError: HTTP Client says - ClientConnectorError: Cannot connect to host api.telegram.org:443 ssl:default [None]
WARNING:aiogram.dispatcher:Sleep for 1.323129 seconds and try again... (tryings = 1, bot id = 8457789373)
INFO:aiogram.dispatcher:Connection established (tryings = 2, bot id = 8457789373)
ERROR:aiogram.dispatcher:Failed to fetch updates - TelegramNetworkError: HTTP Client says - Request timeout error
WARNING:aiogram.dispatcher:Sleep for 1.000000 seconds and try again... (tryings = 0, bot id = 8457789373)
INFO:aiogram.dispatcher:Connection established (tryings = 1, bot id = 8457789373)
ERROR:aiogram.dispatcher:Failed to fetch updates - TelegramNetworkError: HTTP Client says - Request timeout error
WARNING:aiogram.dispatcher:Sleep for 1.000000 seconds and try again... (tryings = 0, bot id = 8457789373)
INFO:aiogram.dispatcher:Connection established (tryings = 1, bot id = 8457789373)
ERROR:aiogram.dispatcher:Failed to fetch updates - TelegramNetworkError: HTTP Client says - Request timeout error
WARNING:aiogram.dispatcher:Sleep for 1.000000 seconds and try again... (tryings = 0, bot id = 8457789373)
ERROR:aiogram.dispatcher:Failed to fetch updates - TelegramNetworkError: HTTP Client says - Request timeout error
WARNING:aiogram.dispatcher:Sleep for 1.248340 seconds and try again... (tryings = 1, bot id = 8457789373)
INFO:aiogram.dispatcher:Connection established (tryings = 2, bot id = 8457789373)
ERROR:aiogram.dispatcher:Failed to fetch updates - TelegramNetworkError: HTTP Client says - Request timeout error
WARNING:aiogram.dispatcher:Sleep for 1.000000 seconds and try again... (tryings = 0, bot id = 8457789373)
INFO:aiogram.dispatcher:Connection established (tryings = 1, bot id = 8457789373)
ERROR:aiogram.dispatcher:Failed to fetch updates - TelegramNetworkError: HTTP Client says - Request timeout error
WARNING:aiogram.dispatcher:Sleep for 1.000000 seconds and try again... (tryings = 0, bot id = 8457789373)
INFO:aiogram.dispatcher:Connection established (tryings = 1, bot id = 8457789373)
ERROR:aiogram.dispatcher:Failed to fetch updates - TelegramNetworkError: HTTP Client says - ClientOSError: [WinError 1236] \u041f\u043e\u0434\u043a\u043b\u044e\u0447\u0435\u043d\u0438\u0435 \u043a \u0441\u0435\u0442\u0438 \u0431\u044b\u043b\u043e \u0440\u0430\u0437\u043e\u0440\u0432\u0430\u043d\u043e \u043b\u043e\u043a\u0430\u043b\u044c\u043d\u043e\u0439 \u0441\u0438\u0441\u0442\u0435\u043c\u043e\u0439
WARNING:aiogram.dispatcher:Sleep for 1.000000 seconds and try again... (tryings = 0, bot id = 8457789373)
INFO:aiogram.dispatcher:Connection established (tryings = 1, bot id = 8457789373)
ERROR:aiogram.dispatcher:Failed to fetch updates - TelegramNetworkError: HTTP Client says - Request timeout error
WARNING:aiogram.dispatcher:Sleep for 1.000000 seconds and try again... (tryings = 0, bot id = 8457789373)
INFO:aiogram.dispatcher:Connection established (tryings = 1, bot id = 8457789373)
ERROR:aiogram.dispatcher:Failed to fetch updates - TelegramNetworkError: HTTP Client says - ClientOSError: [WinError 1236] \u041f\u043e\u0434\u043a\u043b\u044e\u0447\u0435\u043d\u0438\u0435 \u043a \u0441\u0435\u0442\u0438 \u0431\u044b\u043b\u043e \u0440\u0430\u0437\u043e\u0440\u0432\u0430\u043d\u043e \u043b\u043e\u043a\u0430\u043b\u044c\u043d\u043e\u0439 \u0441\u0438\u0441\u0442\u0435\u043c\u043e\u0439
WARNING:aiogram.dispatcher:Sleep for 1.000000 seconds and try again... (tryings = 0, bot id = 8457789373)
ERROR:aiogram.dispatcher:Failed to fetch updates - TelegramNetworkError: HTTP Client says - ClientConnectorError: Cannot connect to host api.telegram.org:443 ssl:default [\u041f\u0440\u0435\u0432\u044b\u0448\u0435\u043d \u0442\u0430\u0439\u043c\u0430\u0443\u0442 \u0441\u0435\u043c\u0430\u0444\u043e\u0440\u0430]
WARNING:aiogram.dispatcher:Sleep for 1.223159 seconds and try again... (tryings = 1, bot id = 8457789373)
ERROR:aiogram.dispatcher:Failed to fetch updates - TelegramNetworkError: HTTP Client says - ClientConnectorError: Cannot connect to host api.telegram.org:443 ssl:default [\u041f\u043e\u0434\u043a\u043b\u044e\u0447\u0435\u043d\u0438\u0435 \u043a \u0441\u0435\u0442\u0438 \u0431\u044b\u043b\u043e \u0440\u0430\u0437\u043e\u0440\u0432\u0430\u043d\u043e \u043b\u043e\u043a\u0430\u043b\u044c\u043d\u043e\u0439 \u0441\u0438\u0441\u0442\u0435\u043c\u043e\u0439]
WARNING:aiogram.dispatcher:Sleep for 1.685779 seconds and try again... (tryings = 2, bot id = 8457789373)
ERROR:aiogram.dispatcher:Failed to fetch updates - TelegramNetworkError: HTTP Client says - ClientConnectorError: Cannot connect to host api.telegram.org:443 ssl:default [\u0421\u0435\u0442\u0435\u0432\u0430\u044f \u043f\u0430\u043f\u043a\u0430 \u043d\u0435\u0434\u043e\u0441\u0442\u0443\u043f\u043d\u0430. \u0417\u0430 \u0438\u043d\u0444\u043e\u0440\u043c\u0430\u0446\u0438\u0435\u0439 \u043e \u0440\u0430\u0437\u0440\u0435\u0448\u0435\u043d\u0438\u0438 \u043f\u0440\u043e\u0431\u043b\u0435\u043c \u0432 \u0441\u0435\u0442\u0438 \u043e\u0431\u0440\u0430\u0442\u0438\u0442\u0435\u0441\u044c \u043a \u0441\u043f\u0440\u0430\u0432\u043e\u0447\u043d\u043e\u0439 \u0441\u0438\u0441\u0442\u0435\u043c\u0435 Windows]
WARNING:aiogram.dispatcher:Sleep for 2.209540 seconds and try again... (tryings = 3, bot id = 8457789373)
ERROR:aiogram.dispatcher:Failed to fetch updates - TelegramNetworkError: HTTP Client says - ClientConnectorError: Cannot connect to host api.telegram.org:443 ssl:default [\u0421\u0435\u0442\u0435\u0432\u0430\u044f \u043f\u0430\u043f\u043a\u0430 \u043d\u0435\u0434\u043e\u0441\u0442\u0443\u043f\u043d\u0430. \u0417\u0430 \u0438\u043d\u0444\u043e\u0440\u043c\u0430\u0446\u0438\u0435\u0439 \u043e \u0440\u0430\u0437\u0440\u0435\u0448\u0435\u043d\u0438\u0438 \u043f\u0440\u043e\u0431\u043b\u0435\u043c \u0432 \u0441\u0435\u0442\u0438 \u043e\u0431\u0440\u0430\u0442\u0438\u0442\u0435\u0441\u044c \u043a \u0441\u043f\u0440\u0430\u0432\u043e\u0447\u043d\u043e\u0439 \u0441\u0438\u0441\u0442\u0435\u043c\u0435 Windows]
WARNING:aiogram.dispatcher:Sleep for 2.717234 seconds and try again... (tryings = 4, bot id = 8457789373)
INFO:aiogram.dispatcher:Connection established (tryings = 5, bot id = 8457789373)
ERROR:aiogram.dispatcher:Failed to fetch updates - TelegramNetworkError: HTTP Client says - Request timeout error
WARNING:aiogram.dispatcher:Sleep for 1.000000 seconds and try again... (tryings = 0, bot id = 8457789373)
INFO:aiogram.dispatcher:Connection established (tryings = 1, bot id = 8457789373)
ERROR:aiogram.dispatcher:Failed to fetch updates - TelegramNetworkError: HTTP Client says - Request timeout error
WARNING:aiogram.dispatcher:Sleep for 1.000000 seconds and try again... (tryings = 0, bot id = 8457789373)
INFO:aiogram.dispatcher:Connection established (tryings = 1, bot id = 8457789373)
ERROR:aiogram.dispatcher:Failed to fetch updates - TelegramNetworkError: HTTP Client says - ClientOSError: [WinError 1236] \u041f\u043e\u0434\u043a\u043b\u044e\u0447\u0435\u043d\u0438\u0435 \u043a \u0441\u0435\u0442\u0438 \u0431\u044b\u043b\u043e \u0440\u0430\u0437\u043e\u0440\u0432\u0430\u043d\u043e \u043b\u043e\u043a\u0430\u043b\u044c\u043d\u043e\u0439 \u0441\u0438\u0441\u0442\u0435\u043c\u043e\u0439
WARNING:aiogram.dispatcher:Sleep for 1.000000 seconds and try again... (tryings = 0, bot id = 8457789373)
INFO:aiogram.dispatcher:Connection established (tryings = 1, bot id = 8457789373)
ERROR:aiogram.dispatcher:Failed to fetch updates - TelegramNetworkError: HTTP Client says - ClientOSError: [WinError 1236] \u041f\u043e\u0434\u043a\u043b\u044e\u0447\u0435\u043d\u0438\u0435 \u043a \u0441\u0435\u0442\u0438 \u0431\u044b\u043b\u043e \u0440\u0430\u0437\u043e\u0440\u0432\u0430\u043d\u043e \u043b\u043e\u043a\u0430\u043b\u044c\u043d\u043e\u0439 \u0441\u0438\u0441\u0442\u0435\u043c\u043e\u0439
WARNING:aiogram.dispatcher:Sleep for 1.000000 seconds and try again... (tryings = 0, bot id = 8457789373)
ERROR:aiogram.dispatcher:Failed to fetch updates - TelegramNetworkError: HTTP Client says - ClientConnectorError: Cannot connect to host api.telegram.org:443 ssl:default [\u0421\u0435\u0442\u0435\u0432\u0430\u044f \u043f\u0430\u043f\u043a\u0430 \u043d\u0435\u0434\u043e\u0441\u0442\u0443\u043f\u043d\u0430. \u0417\u0430 \u0438\u043d\u0444\u043e\u0440\u043c\u0430\u0446\u0438\u0435\u0439 \u043e \u0440\u0430\u0437\u0440\u0435\u0448\u0435\u043d\u0438\u0438 \u043f\u0440\u043e\u0431\u043b\u0435\u043c \u0432 \u0441\u0435\u0442\u0438 \u043e\u0431\u0440\u0430\u0442\u0438\u0442\u0435\u0441\u044c \u043a \u0441\u043f\u0440\u0430\u0432\u043e\u0447\u043d\u043e\u0439 \u0441\u0438\u0441\u0442\u0435\u043c\u0435 Windows]
WARNING:aiogram.dispatcher:Sleep for 1.211880 seconds and try again... (tryings = 1, bot id = 8457789373)
ERROR:aiogram.dispatcher:Failed to fetch updates - TelegramNetworkError: HTTP Client says - ClientConnectorError: Cannot connect to host api.telegram.org:443 ssl:default [\u0421\u0435\u0442\u0435\u0432\u0430\u044f \u043f\u0430\u043f\u043a\u0430 \u043d\u0435\u0434\u043e\u0441\u0442\u0443\u043f\u043d\u0430. \u0417\u0430 \u0438\u043d\u0444\u043e\u0440\u043c\u0430\u0446\u0438\u0435\u0439 \u043e \u0440\u0430\u0437\u0440\u0435\u0448\u0435\u043d\u0438\u0438 \u043f\u0440\u043e\u0431\u043b\u0435\u043c \u0432 \u0441\u0435\u0442\u0438 \u043e\u0431\u0440\u0430\u0442\u0438\u0442\u0435\u0441\u044c \u043a \u0441\u043f\u0440\u0430\u0432\u043e\u0447\u043d\u043e\u0439 \u0441\u0438\u0441\u0442\u0435\u043c\u0435 Windows]
WARNING:aiogram.dispatcher:Sleep for 1.467636 seconds and try again... (tryings = 2, bot id = 8457789373)
ERROR:aiogram.dispatcher:Failed to fetch updates - TelegramNetworkError: HTTP Client says - ClientConnectorError: Cannot connect to host api.telegram.org:443 ssl:default [\u0421\u0435\u0442\u0435\u0432\u0430\u044f \u043f\u0430\u043f\u043a\u0430 \u043d\u0435\u0434\u043e\u0441\u0442\u0443\u043f\u043d\u0430. \u0417\u0430 \u0438\u043d\u0444\u043e\u0440\u043c\u0430\u0446\u0438\u0435\u0439 \u043e \u0440\u0430\u0437\u0440\u0435\u0448\u0435\u043d\u0438\u0438 \u043f\u0440\u043e\u0431\u043b\u0435\u043c \u0432 \u0441\u0435\u0442\u0438 \u043e\u0431\u0440\u0430\u0442\u0438\u0442\u0435\u0441\u044c \u043a \u0441\u043f\u0440\u0430\u0432\u043e\u0447\u043d\u043e\u0439 \u0441\u0438\u0441\u0442\u0435\u043c\u0435 Windows]
WARNING:aiogram.dispatcher:Sleep for 1.800809 seconds and try again... (tryings = 3, bot id = 8457789373)
INFO:aiogram.dispatcher:Connection established (tryings = 4, bot id = 8457789373)
ERROR:aiogram.dispatcher:Failed to fetch updates - TelegramNetworkError: HTTP Client says - Request timeout error
WARNING:aiogram.dispatcher:Sleep for 1.000000 seconds and try again... (tryings = 0, bot id = 8457789373)
ERROR:aiogram.dispatcher:Failed to fetch updates - TelegramNetworkError: HTTP Client says - ClientConnectorError: Cannot connect to host api.telegram.org:443 ssl:default [\u041f\u043e\u0434\u043a\u043b\u044e\u0447\u0435\u043d\u0438\u0435 \u043a \u0441\u0435\u0442\u0438 \u0431\u044b\u043b\u043e \u0440\u0430\u0437\u043e\u0440\u0432\u0430\u043d\u043e \u043b\u043e\u043a\u0430\u043b\u044c\u043d\u043e\u0439 \u0441\u0438\u0441\u0442\u0435\u043c\u043e\u0439]
WARNING:aiogram.dispatcher:Sleep for 1.238963 seconds and try again... (tryings = 1, bot id = 8457789373)
ERROR:aiogram.dispatcher:Failed to fetch updates - TelegramNetworkError: HTTP Client says - ClientConnectorError: Cannot connect to host api.telegram.org:443 ssl:default [\u0421\u0435\u0442\u0435\u0432\u0430\u044f \u043f\u0430\u043f\u043a\u0430 \u043d\u0435\u0434\u043e\u0441\u0442\u0443\u043f\u043d\u0430. \u0417\u0430 \u0438\u043d\u0444\u043e\u0440\u043c\u0430\u0446\u0438\u0435\u0439 \u043e \u0440\u0430\u0437\u0440\u0435\u0448\u0435\u043d\u0438\u0438 \u043f\u0440\u043e\u0431\u043b\u0435\u043c \u0432 \u0441\u0435\u0442\u0438 \u043e\u0431\u0440\u0430\u0442\u0438\u0442\u0435\u0441\u044c \u043a \u0441\u043f\u0440\u0430\u0432\u043e\u0447\u043d\u043e\u0439 \u0441\u0438\u0441\u0442\u0435\u043c\u0435 Windows]
WARNING:aiogram.dispatcher:Sleep for 1.689105 seconds and try again... (tryings = 2, bot id = 8457789373)
ERROR:aiogram.dispatcher:Failed to fetch updates - TelegramNetworkError: HTTP Client says - ClientConnectorError: Cannot connect to host api.telegram.org:443 ssl:default [\u0421\u0435\u0442\u0435\u0432\u0430\u044f \u043f\u0430\u043f\u043a\u0430 \u043d\u0435\u0434\u043e\u0441\u0442\u0443\u043f\u043d\u0430. \u0417\u0430 \u0438\u043d\u0444\u043e\u0440\u043c\u0430\u0446\u0438\u0435\u0439 \u043e \u0440\u0430\u0437\u0440\u0435\u0448\u0435\u043d\u0438\u0438 \u043f\u0440\u043e\u0431\u043b\u0435\u043c \u0432 \u0441\u0435\u0442\u0438 \u043e\u0431\u0440\u0430\u0442\u0438\u0442\u0435\u0441\u044c \u043a \u0441\u043f\u0440\u0430\u0432\u043e\u0447\u043d\u043e\u0439 \u0441\u0438\u0441\u0442\u0435\u043c\u0435 Windows]
WARNING:aiogram.dispatcher:Sleep for 2.226713 seconds and try again... (tryings = 3, bot id = 8457789373)
ERROR:aiogram.dispatcher:Failed to fetch updates - TelegramNetworkError: HTTP Client says - ClientConnectorError: Cannot connect to host api.telegram.org:443 ssl:default [\u0421\u0435\u0442\u0435\u0432\u0430\u044f \u043f\u0430\u043f\u043a\u0430 \u043d\u0435\u0434\u043e\u0441\u0442\u0443\u043f\u043d\u0430. \u0417\u0430 \u0438\u043d\u0444\u043e\u0440\u043c\u0430\u0446\u0438\u0435\u0439 \u043e \u0440\u0430\u0437\u0440\u0435\u0448\u0435\u043d\u0438\u0438 \u043f\u0440\u043e\u0431\u043b\u0435\u043c \u0432 \u0441\u0435\u0442\u0438 \u043e\u0431\u0440\u0430\u0442\u0438\u0442\u0435\u0441\u044c \u043a \u0441\u043f\u0440\u0430\u0432\u043e\u0447\u043d\u043e\u0439 \u0441\u0438\u0441\u0442\u0435\u043c\u0435 Windows]
WARNING:aiogram.dispatcher:Sleep for 3.096138 seconds and try again... (tryings = 4, bot id = 8457789373)
ERROR:aiogram.dispatcher:Failed to fetch updates - TelegramNetworkError: HTTP Client says - ClientConnectorError: Cannot connect to host api.telegram.org:443 ssl:default [\u041f\u043e\u0434\u043a\u043b\u044e\u0447\u0435\u043d\u0438\u0435 \u043a \u0441\u0435\u0442\u0438 \u0431\u044b\u043b\u043e \u0440\u0430\u0437\u043e\u0440\u0432\u0430\u043d\u043e \u043b\u043e\u043a\u0430\u043b\u044c\u043d\u043e\u0439 \u0441\u0438\u0441\u0442\u0435\u043c\u043e\u0439]
WARNING:aiogram.dispatcher:Sleep for 3.915315 seconds and try again... (tryings = 5, bot id = 8457789373)
INFO:aiogram.dispatcher:Connection established (tryings = 6, bot id = 8457789373)
